writeCommonTags: couldn't write 'year' tag to 'Anne-Sophie Mutter/Beethoven- Violinkonzert/01 Violin Concerto in D major, Op. 61- Allegro ma non troppo.wav' as it's not a positive integer
writeCommonTags: couldn't write 'year' tag to 'Anne-Sophie Mutter/Beethoven- Violinkonzert/02 Violin Concerto in D major, Op. 61- Larghetto.wav' as it's not a positive integer
writeCommonTags: couldn't write 'year' tag to 'Anne-Sophie Mutter/Beethoven- Violinkonzert/03 Violin Concerto in D major, Op. 61- Rondo, Allegro.wav' as it's not a positive integer
writeCommonTags: couldn't write 'year' tag to 'Anne-Sophie Mutter/Beethoven- Violinkonzert/01 Violin Concerto in D major, Op. 61- Allegro ma non troppo.wav' as it's not a positive integer
writeCommonTags: couldn't write 'year' tag to 'Anne-Sophie Mutter/Beethoven- Violinkonzert/02 Violin Concerto in D major, Op. 61- Larghetto.wav' as it's not a positive integer
writeCommonTags: couldn't write 'year' tag to 'Anne-Sophie Mutter/Beethoven- Violinkonzert/03 Violin Concerto in D major, Op. 61- Rondo, Allegro.wav' as it's not a positive integer
writeCommonTags: couldn't write 'year' tag to 'Anne-Sophie Mutter/Beethoven- Violinkonzert/01 Violin Concerto in D major, Op. 61- Allegro ma non troppo.wav' as it's not a positive integer
writeCommonTags: couldn't write 'year' tag to 'Anne-Sophie Mutter/Beethoven- Violinkonzert/02 Violin Concerto in D major, Op. 61- Larghetto.wav' as it's not a positive integer
writeCommonTags: couldn't write 'year' tag to 'Anne-Sophie Mutter/Beethoven- Violinkonzert/03 Violin Concerto in D major, Op. 61- Rondo, Allegro.wav' as it's not a positive integer
writeCommonTags: couldn't write 'year' tag to 'The Beatles/The Beatles [White Album] Disc 2/01 Birthday.wav' as it's not a positive integer
writeCommonTags: couldn't write 'year' tag to 'The Beatles/The Beatles [White Album] Disc 2/02 Yer Blues.wav' as it's not a positive integer
writeCommonTags: couldn't write 'year' tag to 'The Beatles/The Beatles [White Album] Disc 2/03 Titelnummer 3.wav' as it's not a positive integer
writeCommonTags: couldn't write 'year' tag to 'The Beatles/The Beatles [White Album] Disc 2/04 Mother Nature's Son.wav' as it's not a positive integer
writeCommonTags: couldn't write 'year' tag to 'The Beatles/The Beatles [White Album] Disc 2/05 Everybody's Got Something to Hide Except Me and My Monkey.wav' as it's not a positive integer
writeCommonTags: couldn't write 'year' tag to 'The Beatles/The Beatles [White Album] Disc 2/06 Sexy Sadie.wav' as it's not a positive integer
writeCommonTags: couldn't write 'year' tag to 'The Beatles/The Beatles [White Album] Disc 2/07 Helter Skelter.wav' as it's not a positive integer
writeCommonTags: couldn't write 'year' tag to 'The Beatles/The Beatles [White Album] Disc 2/08 Long, Long, Long.wav' as it's not a positive integer
writeCommonTags: couldn't write 'year' tag to 'The Beatles/The Beatles [White Album] Disc 2/09 Titelnummer 9.wav' as it's not a positive integer
writeCommonTags: couldn't write 'year' tag to 'The Beatles/The Beatles [White Album] Disc 2/10 Revolution 1.wav' as it's not a positive integer
writeCommonTags: couldn't write 'year' tag to 'The Beatles/The Beatles [White Album] Disc 2/11 Honey Pie.wav' as it's not a positive integer
writeCommonTags: couldn't write 'year' tag to 'The Beatles/The Beatles [White Album] Disc 2/12 Savoy Truffle.wav' as it's not a positive integer
writeCommonTags: couldn't write 'year' tag to 'The Beatles/The Beatles [White Album] Disc 2/13 Titelnummer 13.wav' as it's not a positive integer
